<?xml version="1.0" encoding="UTF-8"?>
<!-- Generated by org.testng.reporters.JUnitReportReporter -->
<testsuite hostname="Amazigh" failures="0" tests="3" name="piit.AutomationTrainingProgram.Browsersd" time="0.422" errors="0" timestamp="2022-05-10T21:09:17 CDT" skipped="0">
  <testcase classname="piit.AutomationTrainingProgram.Browsersd" name="f" time="0.130"/>
  <system-out/>
  <testcase classname="piit.AutomationTrainingProgram.Browsersd" name="f" time="0.161"/>
  <system-out/>
  <testcase classname="piit.AutomationTrainingProgram.Browsersd" name="f" time="0.131"/>
  <system-out/>
</testsuite> <!-- piit.AutomationTrainingProgram.Browsersd -->
