<?xml version="1.0" encoding="UTF-8"?>
<!-- Generated by org.testng.reporters.JUnitReportReporter -->
<testsuite hostname="Amazigh" failures="0" tests="6" name="piit.AutomationTrainingProgram.Exexution" time="0.008" errors="0" timestamp="2022-05-10T21:09:17 CDT" skipped="0">
  <testcase classname="piit.AutomationTrainingProgram.Exexution" name="f" time="0.001"/>
  <system-out/>
  <testcase classname="piit.AutomationTrainingProgram.Exexution" name="f" time="0.001"/>
  <system-out/>
  <testcase classname="piit.AutomationTrainingProgram.Exexution" name="Test2" time="0.003"/>
  <system-out/>
  <testcase classname="piit.AutomationTrainingProgram.Exexution" name="Test2" time="0.000"/>
  <system-out/>
  <testcase classname="piit.AutomationTrainingProgram.Exexution" name="f" time="0.002"/>
  <system-out/>
  <testcase classname="piit.AutomationTrainingProgram.Exexution" name="Test2" time="0.001"/>
  <system-out/>
</testsuite> <!-- piit.AutomationTrainingProgram.Exexution -->
